<?xml version="1.0" encoding="UTF-8"?>
<testng-results ignored="0" total="5" passed="4" failed="1" skipped="0">
  <reporter-output>
  </reporter-output>
  <suite started-at="2022-11-09T15:09:43 EET" name="Saucedemo suite" finished-at="2022-11-09T15:10:03 EET" duration-ms="19508">
    <groups>
      <group name="without_login">
        <method signature="LoginTest.testLoginScenarious(java.lang.String,java.lang.String,boolean,boolean)[pri:0, instance:tests.LoginTest@291ae]" name="testLoginScenarious" class="tests.LoginTest"/>
      </group> <!-- without_login -->
      <group name="with_login">
        <method signature="OrderTest.testAddToCartFunctionality()[pri:0, instance:tests.OrderTest@3eb7fc54]" name="testAddToCartFunctionality" class="tests.OrderTest"/>
      </group> <!-- with_login -->
    </groups>
    <test started-at="2022-11-09T15:09:43 EET" name="Order test" finished-at="2022-11-09T15:09:48 EET" duration-ms="5169">
      <class name="tests.OrderTest">
        <test-method is-config="true" signature="beforeMethodWithLogin()[pri:0, instance:tests.OrderTest@3eb7fc54]" started-at="2022-11-09T15:09:43 EET" name="beforeMethodWithLogin" finished-at="2022-11-09T15:09:48 EET" duration-ms="4397" status="PASS">
          <reporter-output>
          </reporter-output>
        </test-method> <!-- beforeMethodWithLogin -->
        <test-method signature="testAddToCartFunctionality()[pri:0, instance:tests.OrderTest@3eb7fc54]" started-at="2022-11-09T15:09:48 EET" name="testAddToCartFunctionality" description="Verify that adding elements to cart work as expected." finished-at="2022-11-09T15:09:48 EET" duration-ms="546" status="PASS">
          <reporter-output>
          </reporter-output>
        </test-method> <!-- testAddToCartFunctionality -->
        <test-method is-config="true" signature="afterMethod()[pri:0, instance:tests.OrderTest@3eb7fc54]" started-at="2022-11-09T15:09:48 EET" name="afterMethod" finished-at="2022-11-09T15:09:48 EET" duration-ms="193" status="PASS">
          <reporter-output>
          </reporter-output>
        </test-method> <!-- afterMethod -->
      </class> <!-- tests.OrderTest -->
    </test> <!-- Order test -->
    <test started-at="2022-11-09T15:09:48 EET" name="Login test" finished-at="2022-11-09T15:10:03 EET" duration-ms="14323">
      <class name="tests.LoginTest">
        <test-method is-config="true" signature="beforeMethodWithoutLogin()[pri:0, instance:tests.LoginTest@291ae]" started-at="2022-11-09T15:09:48 EET" name="beforeMethodWithoutLogin" finished-at="2022-11-09T15:09:51 EET" duration-ms="2493" status="PASS">
          <reporter-output>
          </reporter-output>
        </test-method> <!-- beforeMethodWithoutLogin -->
        <test-method signature="testLoginScenarious(java.lang.String,java.lang.String,boolean,boolean)[pri:0, instance:tests.LoginTest@291ae]" started-at="2022-11-09T15:09:51 EET" name="testLoginScenarious" description="Verify login scenario different users" data-provider="loginUsers" finished-at="2022-11-09T15:09:52 EET" duration-ms="853" status="PASS">
          <params>
            <param index="0">
              <value>
                <![CDATA[standard_user]]>
              </value>
            </param>
            <param index="1">
              <value>
                <![CDATA[secret_sauce]]>
              </value>
            </param>
            <param index="2">
              <value>
                <![CDATA[true]]>
              </value>
            </param>
            <param index="3">
              <value>
                <![CDATA[false]]>
              </value>
            </param>
          </params>
          <reporter-output>
          </reporter-output>
        </test-method> <!-- testLoginScenarious -->
        <test-method is-config="true" signature="afterMethod()[pri:0, instance:tests.LoginTest@291ae]" started-at="2022-11-09T15:09:52 EET" name="afterMethod" finished-at="2022-11-09T15:09:52 EET" duration-ms="170" status="PASS">
          <reporter-output>
          </reporter-output>
        </test-method> <!-- afterMethod -->
        <test-method is-config="true" signature="beforeMethodWithoutLogin()[pri:0, instance:tests.LoginTest@291ae]" started-at="2022-11-09T15:09:52 EET" name="beforeMethodWithoutLogin" finished-at="2022-11-09T15:09:53 EET" duration-ms="1402" status="PASS">
          <reporter-output>
          </reporter-output>
        </test-method> <!-- beforeMethodWithoutLogin -->
        <test-method signature="testLoginScenarious(java.lang.String,java.lang.String,boolean,boolean)[pri:0, instance:tests.LoginTest@291ae]" started-at="2022-11-09T15:09:53 EET" name="testLoginScenarious" description="Verify login scenario different users" data-provider="loginUsers" finished-at="2022-11-09T15:09:54 EET" duration-ms="351" status="PASS">
          <params>
            <param index="0">
              <value>
                <![CDATA[locked_out_user]]>
              </value>
            </param>
            <param index="1">
              <value>
                <![CDATA[secret_sauce]]>
              </value>
            </param>
            <param index="2">
              <value>
                <![CDATA[false]]>
              </value>
            </param>
            <param index="3">
              <value>
                <![CDATA[false]]>
              </value>
            </param>
          </params>
          <reporter-output>
          </reporter-output>
        </test-method> <!-- testLoginScenarious -->
        <test-method is-config="true" signature="afterMethod()[pri:0, instance:tests.LoginTest@291ae]" started-at="2022-11-09T15:09:54 EET" name="afterMethod" finished-at="2022-11-09T15:09:54 EET" duration-ms="180" status="PASS">
          <reporter-output>
          </reporter-output>
        </test-method> <!-- afterMethod -->
        <test-method is-config="true" signature="beforeMethodWithoutLogin()[pri:0, instance:tests.LoginTest@291ae]" started-at="2022-11-09T15:09:54 EET" name="beforeMethodWithoutLogin" finished-at="2022-11-09T15:09:55 EET" duration-ms="1464" status="PASS">
          <reporter-output>
          </reporter-output>
        </test-method> <!-- beforeMethodWithoutLogin -->
        <test-method signature="testLoginScenarious(java.lang.String,java.lang.String,boolean,boolean)[pri:0, instance:tests.LoginTest@291ae]" started-at="2022-11-09T15:09:55 EET" name="testLoginScenarious" description="Verify login scenario different users" data-provider="loginUsers" finished-at="2022-11-09T15:09:56 EET" duration-ms="299" status="FAIL">
          <params>
            <param index="0">
              <value>
                <![CDATA[problem_user]]>
              </value>
            </param>
            <param index="1">
              <value>
                <![CDATA[secret-sauce]]>
              </value>
            </param>
            <param index="2">
              <value>
                <![CDATA[true]]>
              </value>
            </param>
            <param index="3">
              <value>
                <![CDATA[false]]>
              </value>
            </param>
          </params>
          <exception class="java.lang.AssertionError">
            <message>
              <![CDATA[User is not taken the right page after login expected [true] but found [false]]]>
            </message>
            <full-stacktrace>
              <![CDATA[java.lang.AssertionError: User is not taken the right page after login expected [true] but found [false]
at org.testng.Assert.fail(Assert.java:99)
at org.testng.Assert.failNotEquals(Assert.java:1037)
at org.testng.Assert.assertTrue(Assert.java:45)
at tests.LoginTest.testLoginScenarious(LoginTest.java:19)
at java.base/jdk.internal.reflect.DirectMethodHandleAccessor.invoke(DirectMethodHandleAccessor.java:104)
at java.base/java.lang.reflect.Method.invoke(Method.java:578)
at org.testng.internal.MethodInvocationHelper.invokeMethod(MethodInvocationHelper.java:133)
at org.testng.internal.TestInvoker.invokeMethod(TestInvoker.java:598)
at org.testng.internal.TestInvoker.invokeTestMethod(TestInvoker.java:173)
at org.testng.internal.MethodRunner.runInSequence(MethodRunner.java:46)
at org.testng.internal.TestInvoker$MethodInvocationAgent.invoke(TestInvoker.java:824)
at org.testng.internal.TestInvoker.invokeTestMethods(TestInvoker.java:146)
at org.testng.internal.TestMethodWorker.invokeTestMethods(TestMethodWorker.java:146)
at org.testng.internal.TestMethodWorker.run(TestMethodWorker.java:128)
at java.base/java.util.ArrayList.forEach(ArrayList.java:1511)
at org.testng.TestRunner.privateRun(TestRunner.java:794)
at org.testng.TestRunner.run(TestRunner.java:596)
at org.testng.SuiteRunner.runTest(SuiteRunner.java:377)
at org.testng.SuiteRunner.runSequentially(SuiteRunner.java:371)
at org.testng.SuiteRunner.privateRun(SuiteRunner.java:332)
at org.testng.SuiteRunner.run(SuiteRunner.java:276)
at org.testng.SuiteRunnerWorker.runSuite(SuiteRunnerWorker.java:53)
at org.testng.SuiteRunnerWorker.run(SuiteRunnerWorker.java:96)
at org.testng.TestNG.runSuitesSequentially(TestNG.java:1212)
at org.testng.TestNG.runSuitesLocally(TestNG.java:1134)
at org.testng.TestNG.runSuites(TestNG.java:1063)
at org.testng.TestNG.run(TestNG.java:1031)
at org.apache.maven.surefire.testng.TestNGExecutor.run(TestNGExecutor.java:324)
at org.apache.maven.surefire.testng.TestNGXmlTestSuite.execute(TestNGXmlTestSuite.java:74)
at org.apache.maven.surefire.testng.TestNGProvider.invoke(TestNGProvider.java:123)
at org.apache.maven.surefire.booter.ForkedBooter.runSuitesInProcess(ForkedBooter.java:456)
at org.apache.maven.surefire.booter.ForkedBooter.execute(ForkedBooter.java:169)
at org.apache.maven.surefire.booter.ForkedBooter.run(ForkedBooter.java:595)
at org.apache.maven.surefire.booter.ForkedBooter.main(ForkedBooter.java:581)
]]>
            </full-stacktrace>
          </exception> <!-- java.lang.AssertionError -->
          <reporter-output>
          </reporter-output>
        </test-method> <!-- testLoginScenarious -->
        <test-method is-config="true" signature="afterMethod()[pri:0, instance:tests.LoginTest@291ae]" started-at="2022-11-09T15:09:56 EET" name="afterMethod" finished-at="2022-11-09T15:09:56 EET" duration-ms="139" status="PASS">
          <reporter-output>
          </reporter-output>
        </test-method> <!-- afterMethod -->
        <test-method is-config="true" signature="beforeMethodWithoutLogin()[pri:0, instance:tests.LoginTest@291ae]" started-at="2022-11-09T15:09:56 EET" name="beforeMethodWithoutLogin" finished-at="2022-11-09T15:09:57 EET" duration-ms="1275" status="PASS">
          <reporter-output>
          </reporter-output>
        </test-method> <!-- beforeMethodWithoutLogin -->
        <test-method signature="testLoginScenarious(java.lang.String,java.lang.String,boolean,boolean)[pri:0, instance:tests.LoginTest@291ae]" started-at="2022-11-09T15:09:57 EET" name="testLoginScenarious" description="Verify login scenario different users" data-provider="loginUsers" finished-at="2022-11-09T15:10:03 EET" duration-ms="5512" status="PASS">
          <params>
            <param index="0">
              <value>
                <![CDATA[performance_glitch_user]]>
              </value>
            </param>
            <param index="1">
              <value>
                <![CDATA[secret_sauce]]>
              </value>
            </param>
            <param index="2">
              <value>
                <![CDATA[true]]>
              </value>
            </param>
            <param index="3">
              <value>
                <![CDATA[true]]>
              </value>
            </param>
          </params>
          <reporter-output>
          </reporter-output>
        </test-method> <!-- testLoginScenarious -->
        <test-method is-config="true" signature="afterMethod()[pri:0, instance:tests.LoginTest@291ae]" started-at="2022-11-09T15:10:03 EET" name="afterMethod" finished-at="2022-11-09T15:10:03 EET" duration-ms="179" status="PASS">
          <reporter-output>
          </reporter-output>
        </test-method> <!-- afterMethod -->
      </class> <!-- tests.LoginTest -->
    </test> <!-- Login test -->
  </suite> <!-- Saucedemo suite -->
</testng-results>
